<?xml version="1.0" encoding="UTF-8"?>
<beans xmlns="http://www.springframework.org/schema/beans"
       xmlns:util="http://www.springframework.org/schema/util"
       xmlns:xsi="http://www.w3.org/2001/XMLSchema-instance"
       xsi:schemaLocation="http://www.springframework.org/schema/beans http://www.springframework.org/schema/beans/spring-beans.xsd
       http://www.springframework.org/schema/util http://www.springframework.org/schema/util/spring-util.xsd">

    <!-- Cleanup policies -->
    <bean id="expiredCleanupPolicy" class="com.msc.cache.cleanup.ExpiredCleanupPolicy">
        <property name="frequency" value="60"/>
    </bean>
    <bean id="idleTimeCleanupPolicy" class="com.msc.cache.cleanup.IdleTimeCleanupPolicy">
        <property name="frequency" value="60"/>
    </bean>
    <bean id="lruCleanupPolicy" class="com.msc.cache.cleanup.LRUCleanupPolicy">
        <property name="frequency" value="60"/>
    </bean>
    <bean id="timeToLiveCleanupPolicy" class="com.msc.cache.cleanup.TimeToLiveCleanupPolicy">
        <property name="frequency" value="60"/>
    </bean>

    <!-- Initialization Policies -->
    <bean id="fullInitializationPolicy" class="com.msc.cache.initializer.FullInitializationPolicy"/>


    <!-- Notification Policies -->

    <util:list id="cache-1-cleanupPolicies" list-class="java.util.ArrayList">
        <ref bean="lruCleanupPolicy"/>
    </util:list>


    <bean id="testLoader" class="com.msc.cache.mock.TestAlphabetLoader"/>

    <!-- example of minimum cache manager configuration -->
    <bean id="cm" class="com.msc.cache.CacheManager" init-method="init">
        <!-- depending which Cleanup policy you want, set one of the following -->
        <!-- setting both defaultIdleTime and DefaultTimeToLive, will automatically hook expriedCleanUpPolicy.  -->
        <!-- setting defaultIdleTime, will automatically hook  idleTimeCleanupPolicy -->
        <property name="defaultIdleTime" value="1"/>
        <!-- setting defaultTimeToLive, will automatically hook   timeToLiveCleanupPolicy -->
        <property name="loaderPolicy" ref="testLoader"/>
        <!-- IF all values should be loaded before hand, use the initialization policy below -->
        <property name="initializerPolicy" ref="fullInitializationPolicy"/>
    </bean>




</beans>
